<?xml version="1.0" encoding="UTF-8"?>
<!-- Generated by org.testng.reporters.JUnitReportReporter -->
<testsuite hostname="minas-iMac.modem" failures="0" tests="3" name="files.DynamicJson" time="5.444" errors="0" timestamp="2020-06-13T09:13:25 AEST" skipped="0">
  <testcase classname="files.DynamicJson" name="addBook" time="3.034"/>
  <system-out/>
  <testcase classname="files.DynamicJson" name="addBook" time="1.227"/>
  <system-out/>
  <testcase classname="files.DynamicJson" name="addBook" time="1.183"/>
  <system-out/>
</testsuite> <!-- files.DynamicJson -->
