<?xml version="1.0" encoding="UTF-8"?>
<!-- Generated by org.testng.reporters.JUnitReportReporter -->
<testsuite hostname="minas-iMac.modem" failures="0" tests="1" name="SumValidation" time="1.844" errors="0" timestamp="2020-06-10T14:41:00 AEST" skipped="0">
  <testcase classname="SumValidation" name="sumOfcopies" time="1.844"/>
  <system-out/>
</testsuite> <!-- SumValidation -->
